<?xml version="1.0" encoding="UTF-8"?>
<!-- Generated by org.testng.reporters.JUnitXMLReporter -->
<testsuite ignored="2" hostname="imcvk" failures="0" tests="2" name="Test" time="6.344" errors="0" timestamp="2024-09-11T13:31:16 IST">
  <testcase classname="testClasses.LoginTest" name="LoginFlowTest" time="0.972"/>
  <testcase classname="testClasses.NewUserCreationTest" name="validateNewUserCreationFlow" time="2.887"/>
  <testcase classname="base.TestBase" name="@BeforeTest setUp" time="0.0">
    <ignored/>
  </testcase> <!-- @BeforeTest setUp -->
  <testcase classname="base.TestBase" name="@AfterTest tearDown" time="0.0">
    <ignored/>
  </testcase> <!-- @AfterTest tearDown -->
</testsuite> <!-- Test -->
