<?xml version="1.0" encoding="UTF-8"?>
<testng-results ignored="0" total="2" passed="2" failed="0" skipped="0">
  <reporter-output>
  </reporter-output>
  <suite started-at="2024-09-11T13:31:10 IST" name="Suite" finished-at="2024-09-11T13:31:16 IST" duration-ms="6344">
    <groups>
    </groups>
    <test started-at="2024-09-11T13:31:10 IST" name="Test" finished-at="2024-09-11T13:31:16 IST" duration-ms="6344">
      <class name="testClasses.LoginTest">
        <test-method is-config="true" signature="setUp()[pri:0, instance:testClasses.LoginTest@554e218]" started-at="2024-09-11T13:31:10 IST" name="setUp" finished-at="2024-09-11T13:31:12 IST" duration-ms="2224" status="PASS">
          <reporter-output>
          </reporter-output>
        </test-method> <!-- setUp -->
        <test-method signature="LoginFlowTest()[pri:1, instance:testClasses.LoginTest@554e218]" started-at="2024-09-11T13:31:12 IST" name="LoginFlowTest" description="Test if user can login" finished-at="2024-09-11T13:31:13 IST" duration-ms="972" status="PASS">
          <reporter-output>
          </reporter-output>
        </test-method> <!-- LoginFlowTest -->
        <test-method is-config="true" signature="tearDown()[pri:0, instance:testClasses.LoginTest@554e218]" started-at="2024-09-11T13:31:16 IST" name="tearDown" finished-at="2024-09-11T13:31:16 IST" duration-ms="143" status="PASS">
          <reporter-output>
          </reporter-output>
        </test-method> <!-- tearDown -->
      </class> <!-- testClasses.LoginTest -->
      <class name="testClasses.NewUserCreationTest">
        <test-method signature="validateNewUserCreationFlow()[pri:0, instance:testClasses.NewUserCreationTest@19e4fcac]" started-at="2024-09-11T13:31:13 IST" name="validateNewUserCreationFlow" finished-at="2024-09-11T13:31:16 IST" duration-ms="2887" status="PASS">
          <reporter-output>
          </reporter-output>
        </test-method> <!-- validateNewUserCreationFlow -->
      </class> <!-- testClasses.NewUserCreationTest -->
    </test> <!-- Test -->
  </suite> <!-- Suite -->
</testng-results>
